  [1m[36m (4.6ms)[0m  [1mCREATE TABLE "schema_migrations" ("version" character varying NOT NULL) [0m
  [1m[35m (1.3ms)[0m  CREATE UNIQUE INDEX  "unique_schema_migrations" ON "schema_migrations"  ("version")
  [1m[36mActiveRecord::SchemaMigration Load (0.2ms)[0m  [1mSELECT "schema_migrations".* FROM "schema_migrations"[0m
Migrating to CreateBeers (20150123005539)
  [1m[35m (0.2ms)[0m  BEGIN
  [1m[36m (3.3ms)[0m  [1mCREATE TABLE "beers" ("id" serial primary key, "name" character varying, "abv" character varying, "rating" character varying, "price" character varying) [0m
  [1m[35mSQL (0.3ms)[0m  INSERT INTO "schema_migrations" ("version") VALUES ($1)  [["version", "20150123005539"]]
  [1m[36m (1.8ms)[0m  [1mCOMMIT[0m
Migrating to CreateLocations (20150123010143)
  [1m[35m (0.2ms)[0m  BEGIN
  [1m[36m (4.2ms)[0m  [1mCREATE TABLE "locations" ("id" serial primary key, "name" character varying, "address" character varying, "zip_code" integer, "beer_id" integer) [0m
  [1m[35mSQL (0.2ms)[0m  INSERT INTO "schema_migrations" ("version") VALUES ($1)  [["version", "20150123010143"]]
  [1m[36m (0.4ms)[0m  [1mCOMMIT[0m
  [1m[35mActiveRecord::SchemaMigration Load (0.3ms)[0m  SELECT "schema_migrations".* FROM "schema_migrations"
  [1m[36m (2.0ms)[0m  [1mSELECT t2.oid::regclass::text AS to_table, a1.attname AS column, a2.attname AS primary_key, c.conname AS name, c.confupdtype AS on_update, c.confdeltype AS on_delete
FROM pg_constraint c
JOIN pg_class t1 ON c.conrelid = t1.oid
JOIN pg_class t2 ON c.confrelid = t2.oid
JOIN pg_attribute a1 ON a1.attnum = c.conkey[1] AND a1.attrelid = t1.oid
JOIN pg_attribute a2 ON a2.attnum = c.confkey[1] AND a2.attrelid = t2.oid
JOIN pg_namespace t3 ON c.connamespace = t3.oid
WHERE c.contype = 'f'
  AND t1.relname = 'beers'
  AND t3.nspname = ANY (current_schemas(false))
ORDER BY c.conname
[0m
  [1m[35m (1.6ms)[0m  SELECT t2.oid::regclass::text AS to_table, a1.attname AS column, a2.attname AS primary_key, c.conname AS name, c.confupdtype AS on_update, c.confdeltype AS on_delete
FROM pg_constraint c
JOIN pg_class t1 ON c.conrelid = t1.oid
JOIN pg_class t2 ON c.confrelid = t2.oid
JOIN pg_attribute a1 ON a1.attnum = c.conkey[1] AND a1.attrelid = t1.oid
JOIN pg_attribute a2 ON a2.attnum = c.confkey[1] AND a2.attrelid = t2.oid
JOIN pg_namespace t3 ON c.connamespace = t3.oid
WHERE c.contype = 'f'
  AND t1.relname = 'locations'
  AND t3.nspname = ANY (current_schemas(false))
ORDER BY c.conname

  [1m[36mActiveRecord::SchemaMigration Load (0.3ms)[0m  [1mSELECT "schema_migrations".* FROM "schema_migrations"[0m
  [1m[36mActiveRecord::SchemaMigration Load (0.3ms)[0m  [1mSELECT "schema_migrations".* FROM "schema_migrations"[0m
  [1m[36mActiveRecord::SchemaMigration Load (0.3ms)[0m  [1mSELECT "schema_migrations".* FROM "schema_migrations"[0m
  [1m[36mActiveRecord::SchemaMigration Load (0.4ms)[0m  [1mSELECT "schema_migrations".* FROM "schema_migrations"[0m
  [1m[36mActiveRecord::SchemaMigration Load (0.5ms)[0m  [1mSELECT "schema_migrations".* FROM "schema_migrations"[0m
  [1m[36mActiveRecord::SchemaMigration Load (0.3ms)[0m  [1mSELECT "schema_migrations".* FROM "schema_migrations"[0m
  [1m[36mActiveRecord::SchemaMigration Load (0.4ms)[0m  [1mSELECT "schema_migrations".* FROM "schema_migrations"[0m
  [1m[35m (0.1ms)[0m  BEGIN
  [1m[36mSQL (0.5ms)[0m  [1mINSERT INTO "locations" ("name", "address", "zip_code") VALUES ($1, $2, $3) RETURNING "id"[0m  [["name", "21st Amendment Brew-Pub"], ["address", "place in San Francisco"], ["zip_code", 94110]]
  [1m[35m (0.4ms)[0m  COMMIT
  [1m[36mActiveRecord::SchemaMigration Load (0.3ms)[0m  [1mSELECT "schema_migrations".* FROM "schema_migrations"[0m
  [1m[35m (0.1ms)[0m  BEGIN
  [1m[36mSQL (0.5ms)[0m  [1mINSERT INTO "beers" ("name", "abv", "rating", "price") VALUES ($1, $2, $3, $4) RETURNING "id"[0m  [["name", "Monk's Blood"], ["abv", "9.5%"], ["rating", "*****"], ["price", "$8.75"]]
  [1m[35m (0.4ms)[0m  COMMIT
  [1m[36mActiveRecord::SchemaMigration Load (0.3ms)[0m  [1mSELECT "schema_migrations".* FROM "schema_migrations"[0m
  [1m[36mActiveRecord::SchemaMigration Load (0.3ms)[0m  [1mSELECT "schema_migrations".* FROM "schema_migrations"[0m
  [1m[36mActiveRecord::SchemaMigration Load (0.3ms)[0m  [1mSELECT "schema_migrations".* FROM "schema_migrations"[0m
  [1m[35m (0.1ms)[0m  BEGIN
  [1m[36mSQL (0.4ms)[0m  [1mINSERT INTO "locations" ("name", "address", "zip_code") VALUES ($1, $2, $3) RETURNING "id"[0m  [["name", "a bar"], ["address", "somewhere in sf"], ["zip_code", 94110]]
  [1m[35m (1.0ms)[0m  COMMIT
  [1m[36m (0.1ms)[0m  [1mBEGIN[0m
  [1m[35mSQL (0.2ms)[0m  INSERT INTO "locations" ("name", "address", "zip_code") VALUES ($1, $2, $3) RETURNING "id"  [["name", "another bar"], ["address", "somewhere not in sf"], ["zip_code", 23948]]
  [1m[36m (0.3ms)[0m  [1mCOMMIT[0m
  [1m[35m (0.1ms)[0m  BEGIN
  [1m[36mSQL (0.2ms)[0m  [1mINSERT INTO "beers" ("name", "abv", "rating", "price") VALUES ($1, $2, $3, $4) RETURNING "id"[0m  [["name", "Monk's Blood"], ["abv", "9.5%"], ["rating", "*****"], ["price", "$8.75"]]
  [1m[35m (0.3ms)[0m  COMMIT
  [1m[36m (0.1ms)[0m  [1mBEGIN[0m
  [1m[35mSQL (0.3ms)[0m  UPDATE "locations" SET "beer_id" = $1 WHERE "locations"."id" = $2  [["beer_id", 2], ["id", 2]]
  [1m[36m (6.2ms)[0m  [1mCOMMIT[0m
  [1m[35m (0.1ms)[0m  BEGIN
  [1m[36mSQL (0.2ms)[0m  [1mUPDATE "locations" SET "beer_id" = $1 WHERE "locations"."id" = $2[0m  [["beer_id", 2], ["id", 3]]
  [1m[35m (5.7ms)[0m  COMMIT
  [1m[36mBeer Load (0.4ms)[0m  [1mSELECT "beers".* FROM "beers"[0m
  [1m[35mBeer Load (0.3ms)[0m  SELECT  "beers".* FROM "beers" WHERE "beers"."id" = $1 LIMIT 1  [["id", 2]]
  [1m[36mLocation Load (0.2ms)[0m  [1mSELECT "locations".* FROM "locations" WHERE "locations"."beer_id" = $1[0m  [["beer_id", 2]]
  [1m[35m (0.7ms)[0m  SELECT COUNT(*) FROM "locations" WHERE "locations"."beer_id" = $1  [["beer_id", 2]]
  [1m[36m (3.2ms)[0m  [1mCREATE TABLE "schema_migrations" ("version" character varying NOT NULL) [0m
  [1m[35m (1.1ms)[0m  CREATE UNIQUE INDEX  "unique_schema_migrations" ON "schema_migrations"  ("version")
  [1m[36mActiveRecord::SchemaMigration Load (0.2ms)[0m  [1mSELECT "schema_migrations".* FROM "schema_migrations"[0m
Migrating to CreateBeers (20150123005539)
  [1m[35m (0.1ms)[0m  BEGIN
  [1m[36m (4.8ms)[0m  [1mCREATE TABLE "beers" ("id" serial primary key, "name" character varying, "abv" character varying, "rating" character varying, "price" character varying) [0m
  [1m[35mSQL (0.4ms)[0m  INSERT INTO "schema_migrations" ("version") VALUES ($1)  [["version", "20150123005539"]]
  [1m[36m (0.5ms)[0m  [1mCOMMIT[0m
Migrating to CreateLocations (20150123010143)
  [1m[35m (0.2ms)[0m  BEGIN
  [1m[36m (2.7ms)[0m  [1mCREATE TABLE "locations" ("id" serial primary key, "name" character varying, "address" character varying, "zip_code" integer, "beer_id" integer) [0m
  [1m[35mSQL (0.1ms)[0m  INSERT INTO "schema_migrations" ("version") VALUES ($1)  [["version", "20150123010143"]]
  [1m[36m (0.5ms)[0m  [1mCOMMIT[0m
  [1m[35mActiveRecord::SchemaMigration Load (0.3ms)[0m  SELECT "schema_migrations".* FROM "schema_migrations"
  [1m[36m (2.0ms)[0m  [1mSELECT t2.oid::regclass::text AS to_table, a1.attname AS column, a2.attname AS primary_key, c.conname AS name, c.confupdtype AS on_update, c.confdeltype AS on_delete
FROM pg_constraint c
JOIN pg_class t1 ON c.conrelid = t1.oid
JOIN pg_class t2 ON c.confrelid = t2.oid
JOIN pg_attribute a1 ON a1.attnum = c.conkey[1] AND a1.attrelid = t1.oid
JOIN pg_attribute a2 ON a2.attnum = c.confkey[1] AND a2.attrelid = t2.oid
JOIN pg_namespace t3 ON c.connamespace = t3.oid
WHERE c.contype = 'f'
  AND t1.relname = 'beers'
  AND t3.nspname = ANY (current_schemas(false))
ORDER BY c.conname
[0m
  [1m[35m (1.5ms)[0m  SELECT t2.oid::regclass::text AS to_table, a1.attname AS column, a2.attname AS primary_key, c.conname AS name, c.confupdtype AS on_update, c.confdeltype AS on_delete
FROM pg_constraint c
JOIN pg_class t1 ON c.conrelid = t1.oid
JOIN pg_class t2 ON c.confrelid = t2.oid
JOIN pg_attribute a1 ON a1.attnum = c.conkey[1] AND a1.attrelid = t1.oid
JOIN pg_attribute a2 ON a2.attnum = c.confkey[1] AND a2.attrelid = t2.oid
JOIN pg_namespace t3 ON c.connamespace = t3.oid
WHERE c.contype = 'f'
  AND t1.relname = 'locations'
  AND t3.nspname = ANY (current_schemas(false))
ORDER BY c.conname

  [1m[36mActiveRecord::SchemaMigration Load (0.3ms)[0m  [1mSELECT "schema_migrations".* FROM "schema_migrations"[0m
  [1m[35m (0.1ms)[0m  BEGIN
  [1m[36mSQL (0.5ms)[0m  [1mINSERT INTO "locations" ("name", "address", "zip_code") VALUES ($1, $2, $3) RETURNING "id"[0m  [["name", "a bar"], ["address", "somewhere in sf"], ["zip_code", 94110]]
  [1m[35m (0.4ms)[0m  COMMIT
  [1m[36m (0.1ms)[0m  [1mBEGIN[0m
  [1m[35mSQL (0.5ms)[0m  INSERT INTO "beers" ("name", "abv", "rating", "price") VALUES ($1, $2, $3, $4) RETURNING "id"  [["name", "Monk's Blood"], ["abv", "9.5%"], ["rating", "*****"], ["price", "$8.75"]]
  [1m[36m (0.3ms)[0m  [1mCOMMIT[0m
  [1m[36mActiveRecord::SchemaMigration Load (0.3ms)[0m  [1mSELECT "schema_migrations".* FROM "schema_migrations"[0m
  [1m[35m (0.1ms)[0m  BEGIN
  [1m[36mSQL (0.4ms)[0m  [1mINSERT INTO "locations" ("name", "address", "zip_code") VALUES ($1, $2, $3) RETURNING "id"[0m  [["name", "a bar"], ["address", "somewhere in sf"], ["zip_code", 94110]]
  [1m[35m (1.1ms)[0m  COMMIT
  [1m[36m (0.1ms)[0m  [1mBEGIN[0m
  [1m[35mSQL (0.2ms)[0m  INSERT INTO "beers" ("name", "abv", "rating", "price") VALUES ($1, $2, $3, $4) RETURNING "id"  [["name", "Monk's Blood"], ["abv", "9.5%"], ["rating", "*****"], ["price", "$8.75"]]
  [1m[36m (0.3ms)[0m  [1mCOMMIT[0m
  [1m[35m (0.1ms)[0m  BEGIN
  [1m[36mSQL (0.1ms)[0m  [1mINSERT INTO "locations" ("name", "address", "zip_code", "beer_id") VALUES ($1, $2, $3, $4) RETURNING "id"[0m  [["name", "another bar"], ["address", "somewhere not in sf"], ["zip_code", 23948], ["beer_id", 2]]
  [1m[35m (0.3ms)[0m  COMMIT
  [1m[36mBeer Load (0.5ms)[0m  [1mSELECT "beers".* FROM "beers"[0m
  [1m[35mBeer Load (0.2ms)[0m  SELECT  "beers".* FROM "beers" WHERE "beers"."id" = $1 LIMIT 1  [["id", 1]]
  [1m[36mLocation Load (0.2ms)[0m  [1mSELECT "locations".* FROM "locations" WHERE "locations"."beer_id" = $1[0m  [["beer_id", 1]]
  [1m[35mLocation Load (0.4ms)[0m  SELECT "locations".* FROM "locations"
  [1m[36mLocation Load (0.5ms)[0m  [1mSELECT  "locations".* FROM "locations" WHERE "locations"."id" = $1 LIMIT 1[0m  [["id", 2]]
  [1m[35mLocation Load (0.3ms)[0m  SELECT  "locations".* FROM "locations" WHERE "locations"."id" = $1 LIMIT 1  [["id", 2]]
  [1m[36m (3.1ms)[0m  [1mCREATE TABLE "schema_migrations" ("version" character varying NOT NULL) [0m
  [1m[35m (1.1ms)[0m  CREATE UNIQUE INDEX  "unique_schema_migrations" ON "schema_migrations"  ("version")
  [1m[36mActiveRecord::SchemaMigration Load (0.2ms)[0m  [1mSELECT "schema_migrations".* FROM "schema_migrations"[0m
Migrating to CreateBeers (20150123005539)
  [1m[35m (0.1ms)[0m  BEGIN
  [1m[36m (4.2ms)[0m  [1mCREATE TABLE "beers" ("id" serial primary key, "name" character varying, "abv" character varying, "rating" character varying, "price" character varying) [0m
  [1m[35mSQL (0.3ms)[0m  INSERT INTO "schema_migrations" ("version") VALUES ($1)  [["version", "20150123005539"]]
  [1m[36m (0.4ms)[0m  [1mCOMMIT[0m
Migrating to CreateLocations (20150123010143)
  [1m[35m (0.2ms)[0m  BEGIN
  [1m[36m (2.8ms)[0m  [1mCREATE TABLE "locations" ("id" serial primary key, "name" character varying, "address" character varying, "zip_code" integer, "beer_id" integer) [0m
  [1m[35mSQL (0.2ms)[0m  INSERT INTO "schema_migrations" ("version") VALUES ($1)  [["version", "20150123010143"]]
  [1m[36m (0.5ms)[0m  [1mCOMMIT[0m
  [1m[35mActiveRecord::SchemaMigration Load (0.3ms)[0m  SELECT "schema_migrations".* FROM "schema_migrations"
  [1m[36m (2.3ms)[0m  [1mSELECT t2.oid::regclass::text AS to_table, a1.attname AS column, a2.attname AS primary_key, c.conname AS name, c.confupdtype AS on_update, c.confdeltype AS on_delete
FROM pg_constraint c
JOIN pg_class t1 ON c.conrelid = t1.oid
JOIN pg_class t2 ON c.confrelid = t2.oid
JOIN pg_attribute a1 ON a1.attnum = c.conkey[1] AND a1.attrelid = t1.oid
JOIN pg_attribute a2 ON a2.attnum = c.confkey[1] AND a2.attrelid = t2.oid
JOIN pg_namespace t3 ON c.connamespace = t3.oid
WHERE c.contype = 'f'
  AND t1.relname = 'beers'
  AND t3.nspname = ANY (current_schemas(false))
ORDER BY c.conname
[0m
  [1m[35m (1.7ms)[0m  SELECT t2.oid::regclass::text AS to_table, a1.attname AS column, a2.attname AS primary_key, c.conname AS name, c.confupdtype AS on_update, c.confdeltype AS on_delete
FROM pg_constraint c
JOIN pg_class t1 ON c.conrelid = t1.oid
JOIN pg_class t2 ON c.confrelid = t2.oid
JOIN pg_attribute a1 ON a1.attnum = c.conkey[1] AND a1.attrelid = t1.oid
JOIN pg_attribute a2 ON a2.attnum = c.confkey[1] AND a2.attrelid = t2.oid
JOIN pg_namespace t3 ON c.connamespace = t3.oid
WHERE c.contype = 'f'
  AND t1.relname = 'locations'
  AND t3.nspname = ANY (current_schemas(false))
ORDER BY c.conname

  [1m[36mActiveRecord::SchemaMigration Load (0.3ms)[0m  [1mSELECT "schema_migrations".* FROM "schema_migrations"[0m
  [1m[35m (0.1ms)[0m  BEGIN
  [1m[36mSQL (0.5ms)[0m  [1mINSERT INTO "locations" ("name", "address", "zip_code") VALUES ($1, $2, $3) RETURNING "id"[0m  [["name", "a bar"], ["address", "somewhere in sf"], ["zip_code", 94110]]
  [1m[35m (0.4ms)[0m  COMMIT
  [1m[36m (0.1ms)[0m  [1mBEGIN[0m
  [1m[35mSQL (0.2ms)[0m  INSERT INTO "locations" ("name", "address", "zip_code") VALUES ($1, $2, $3) RETURNING "id"  [["name", "another bar"], ["address", "somewhere not in sf"], ["zip_code", 23948]]
  [1m[36m (0.3ms)[0m  [1mCOMMIT[0m
  [1m[35m (0.1ms)[0m  BEGIN
  [1m[36mSQL (0.4ms)[0m  [1mINSERT INTO "beers" ("name", "abv", "rating", "price") VALUES ($1, $2, $3, $4) RETURNING "id"[0m  [["name", "Monk's Blood"], ["abv", "9.5%"], ["rating", "*****"], ["price", "$8.75"]]
  [1m[35m (0.3ms)[0m  COMMIT
  [1m[36m (0.1ms)[0m  [1mBEGIN[0m
  [1m[35mSQL (0.3ms)[0m  UPDATE "locations" SET "beer_id" = $1 WHERE "locations"."id" = $2  [["beer_id", 1], ["id", 1]]
  [1m[36m (0.4ms)[0m  [1mCOMMIT[0m
  [1m[35m (0.1ms)[0m  BEGIN
  [1m[36mSQL (0.2ms)[0m  [1mUPDATE "locations" SET "beer_id" = $1 WHERE "locations"."id" = $2[0m  [["beer_id", 1], ["id", 2]]
  [1m[35m (0.3ms)[0m  COMMIT
  [1m[36mBeer Load (0.3ms)[0m  [1mSELECT  "beers".* FROM "beers" WHERE "beers"."id" = $1 LIMIT 1[0m  [["id", 1]]
  [1m[35mLocation Load (0.3ms)[0m  SELECT "locations".* FROM "locations" WHERE "locations"."beer_id" = $1  [["beer_id", 1]]
  [1m[36mLocation Load (0.4ms)[0m  [1mSELECT  "locations".* FROM "locations" WHERE "locations"."id" = $1 LIMIT 1[0m  [["id", 1]]
  [1m[35mBeer Load (0.3ms)[0m  SELECT  "beers".* FROM "beers" WHERE "beers"."id" = $1 LIMIT 1  [["id", 1]]
  [1m[36m (3.0ms)[0m  [1mCREATE TABLE "schema_migrations" ("version" character varying NOT NULL) [0m
  [1m[35m (1.1ms)[0m  CREATE UNIQUE INDEX  "unique_schema_migrations" ON "schema_migrations"  ("version")
  [1m[36mActiveRecord::SchemaMigration Load (0.2ms)[0m  [1mSELECT "schema_migrations".* FROM "schema_migrations"[0m
Migrating to CreateBeers (20150123005539)
  [1m[35m (0.2ms)[0m  BEGIN
  [1m[36m (3.5ms)[0m  [1mCREATE TABLE "beers" ("id" serial primary key, "name" character varying, "abv" character varying, "rating" character varying, "price" character varying) [0m
  [1m[35mSQL (0.3ms)[0m  INSERT INTO "schema_migrations" ("version") VALUES ($1)  [["version", "20150123005539"]]
  [1m[36m (0.5ms)[0m  [1mCOMMIT[0m
Migrating to CreateLocations (20150123010143)
  [1m[35m (0.2ms)[0m  BEGIN
  [1m[36m (6.1ms)[0m  [1mCREATE TABLE "locations" ("id" serial primary key, "name" character varying, "address" character varying, "zip_code" integer, "beer_id" integer) [0m
  [1m[35mSQL (0.1ms)[0m  INSERT INTO "schema_migrations" ("version") VALUES ($1)  [["version", "20150123010143"]]
  [1m[36m (0.5ms)[0m  [1mCOMMIT[0m
Migrating to CreateBeersLocations (20150123190904)
  [1m[35m (0.2ms)[0m  BEGIN
  [1m[36m (2.0ms)[0m  [1mCREATE TABLE "beers_locations" ("id" serial primary key, "beer_id" integer, "location_id" integer) [0m
  [1m[35mSQL (0.1ms)[0m  INSERT INTO "schema_migrations" ("version") VALUES ($1)  [["version", "20150123190904"]]
  [1m[36m (0.4ms)[0m  [1mCOMMIT[0m
  [1m[35mActiveRecord::SchemaMigration Load (0.2ms)[0m  SELECT "schema_migrations".* FROM "schema_migrations"
  [1m[36m (2.7ms)[0m  [1mSELECT t2.oid::regclass::text AS to_table, a1.attname AS column, a2.attname AS primary_key, c.conname AS name, c.confupdtype AS on_update, c.confdeltype AS on_delete
FROM pg_constraint c
JOIN pg_class t1 ON c.conrelid = t1.oid
JOIN pg_class t2 ON c.confrelid = t2.oid
JOIN pg_attribute a1 ON a1.attnum = c.conkey[1] AND a1.attrelid = t1.oid
JOIN pg_attribute a2 ON a2.attnum = c.confkey[1] AND a2.attrelid = t2.oid
JOIN pg_namespace t3 ON c.connamespace = t3.oid
WHERE c.contype = 'f'
  AND t1.relname = 'beers'
  AND t3.nspname = ANY (current_schemas(false))
ORDER BY c.conname
[0m
  [1m[35m (1.6ms)[0m  SELECT t2.oid::regclass::text AS to_table, a1.attname AS column, a2.attname AS primary_key, c.conname AS name, c.confupdtype AS on_update, c.confdeltype AS on_delete
FROM pg_constraint c
JOIN pg_class t1 ON c.conrelid = t1.oid
JOIN pg_class t2 ON c.confrelid = t2.oid
JOIN pg_attribute a1 ON a1.attnum = c.conkey[1] AND a1.attrelid = t1.oid
JOIN pg_attribute a2 ON a2.attnum = c.confkey[1] AND a2.attrelid = t2.oid
JOIN pg_namespace t3 ON c.connamespace = t3.oid
WHERE c.contype = 'f'
  AND t1.relname = 'beers_locations'
  AND t3.nspname = ANY (current_schemas(false))
ORDER BY c.conname

  [1m[36m (1.7ms)[0m  [1mSELECT t2.oid::regclass::text AS to_table, a1.attname AS column, a2.attname AS primary_key, c.conname AS name, c.confupdtype AS on_update, c.confdeltype AS on_delete
FROM pg_constraint c
JOIN pg_class t1 ON c.conrelid = t1.oid
JOIN pg_class t2 ON c.confrelid = t2.oid
JOIN pg_attribute a1 ON a1.attnum = c.conkey[1] AND a1.attrelid = t1.oid
JOIN pg_attribute a2 ON a2.attnum = c.confkey[1] AND a2.attrelid = t2.oid
JOIN pg_namespace t3 ON c.connamespace = t3.oid
WHERE c.contype = 'f'
  AND t1.relname = 'locations'
  AND t3.nspname = ANY (current_schemas(false))
ORDER BY c.conname
[0m
  [1m[36mActiveRecord::SchemaMigration Load (0.4ms)[0m  [1mSELECT "schema_migrations".* FROM "schema_migrations"[0m
  [1m[35m (0.1ms)[0m  BEGIN
  [1m[36mSQL (0.5ms)[0m  [1mINSERT INTO "locations" ("name", "address", "zip_code") VALUES ($1, $2, $3) RETURNING "id"[0m  [["name", "a bar"], ["address", "somewhere in sf"], ["zip_code", 94110]]
  [1m[35m (0.3ms)[0m  COMMIT
  [1m[36m (0.1ms)[0m  [1mBEGIN[0m
  [1m[35mSQL (0.2ms)[0m  INSERT INTO "locations" ("name", "address", "zip_code") VALUES ($1, $2, $3) RETURNING "id"  [["name", "another bar"], ["address", "somewhere not in sf"], ["zip_code", 23948]]
  [1m[36m (0.3ms)[0m  [1mCOMMIT[0m
  [1m[35m (0.1ms)[0m  BEGIN
  [1m[36mSQL (0.4ms)[0m  [1mINSERT INTO "beers" ("name", "abv", "rating", "price") VALUES ($1, $2, $3, $4) RETURNING "id"[0m  [["name", "Monk's Blood"], ["abv", "9.5%"], ["rating", "*****"], ["price", "$8.75"]]
  [1m[35m (0.2ms)[0m  COMMIT
  [1m[36m (0.1ms)[0m  [1mBEGIN[0m
  [1m[35mSQL (6.1ms)[0m  INSERT INTO "beers_locations" ("beer_id", "location_id") VALUES ($1, $2) RETURNING "id"  [["beer_id", 1], ["location_id", 1]]
  [1m[36m (5.9ms)[0m  [1mCOMMIT[0m
  [1m[35m (0.1ms)[0m  BEGIN
  [1m[36mSQL (0.2ms)[0m  [1mINSERT INTO "beers_locations" ("beer_id", "location_id") VALUES ($1, $2) RETURNING "id"[0m  [["beer_id", 1], ["location_id", 2]]
  [1m[35m (5.7ms)[0m  COMMIT
  [1m[36mBeer Load (0.4ms)[0m  [1mSELECT "beers".* FROM "beers"[0m
  [1m[35mLocation Load (0.7ms)[0m  SELECT "locations".* FROM "locations"
  [1m[36mLocation Load (0.2ms)[0m  [1mSELECT  "locations".* FROM "locations" WHERE "locations"."id" = $1 LIMIT 1[0m  [["id", 2]]
  [1m[35mBeer Load (0.4ms)[0m  SELECT "beers".* FROM "beers" INNER JOIN "beers_locations" ON "beers"."id" = "beers_locations"."beer_id" WHERE "beers_locations"."location_id" = $1  [["location_id", 2]]
  [1m[36mBeer Load (0.3ms)[0m  [1mSELECT  "beers".* FROM "beers" WHERE "beers"."id" = $1 LIMIT 1[0m  [["id", 1]]
  [1m[35mLocation Load (0.3ms)[0m  SELECT "locations".* FROM "locations" INNER JOIN "beers_locations" ON "locations"."id" = "beers_locations"."location_id" WHERE "beers_locations"."beer_id" = $1  [["beer_id", 1]]
  [1m[36m (0.5ms)[0m  [1mSELECT COUNT(*) FROM "locations" INNER JOIN "beers_locations" ON "locations"."id" = "beers_locations"."location_id" WHERE "beers_locations"."beer_id" = $1[0m  [["beer_id", 1]]
  [1m[36m (2.9ms)[0m  [1mCREATE TABLE "schema_migrations" ("version" character varying NOT NULL) [0m
  [1m[35m (1.0ms)[0m  CREATE UNIQUE INDEX  "unique_schema_migrations" ON "schema_migrations"  ("version")
  [1m[36mActiveRecord::SchemaMigration Load (0.2ms)[0m  [1mSELECT "schema_migrations".* FROM "schema_migrations"[0m
Migrating to CreateBeers (20150123005539)
  [1m[35m (0.1ms)[0m  BEGIN
  [1m[36m (3.3ms)[0m  [1mCREATE TABLE "beers" ("id" serial primary key, "name" character varying, "abv" character varying, "rating" character varying, "price" character varying) [0m
  [1m[35mSQL (0.3ms)[0m  INSERT INTO "schema_migrations" ("version") VALUES ($1)  [["version", "20150123005539"]]
  [1m[36m (0.9ms)[0m  [1mCOMMIT[0m
Migrating to CreateLocations (20150123010143)
  [1m[35m (0.2ms)[0m  BEGIN
  [1m[36m (4.5ms)[0m  [1mCREATE TABLE "locations" ("id" serial primary key, "name" character varying, "address" character varying, "zip_code" integer, "beer_id" integer) [0m
  [1m[35mSQL (0.2ms)[0m  INSERT INTO "schema_migrations" ("version") VALUES ($1)  [["version", "20150123010143"]]
  [1m[36m (0.5ms)[0m  [1mCOMMIT[0m
Migrating to CreateBeersLocations (20150123190904)
  [1m[35m (0.3ms)[0m  BEGIN
  [1m[36m (2.6ms)[0m  [1mCREATE TABLE "beers_locations" ("id" serial primary key, "beer_id" integer, "location_id" integer) [0m
  [1m[35mSQL (0.1ms)[0m  INSERT INTO "schema_migrations" ("version") VALUES ($1)  [["version", "20150123190904"]]
  [1m[36m (0.3ms)[0m  [1mCOMMIT[0m
  [1m[35mActiveRecord::SchemaMigration Load (0.2ms)[0m  SELECT "schema_migrations".* FROM "schema_migrations"
  [1m[36m (2.1ms)[0m  [1mSELECT t2.oid::regclass::text AS to_table, a1.attname AS column, a2.attname AS primary_key, c.conname AS name, c.confupdtype AS on_update, c.confdeltype AS on_delete
FROM pg_constraint c
JOIN pg_class t1 ON c.conrelid = t1.oid
JOIN pg_class t2 ON c.confrelid = t2.oid
JOIN pg_attribute a1 ON a1.attnum = c.conkey[1] AND a1.attrelid = t1.oid
JOIN pg_attribute a2 ON a2.attnum = c.confkey[1] AND a2.attrelid = t2.oid
JOIN pg_namespace t3 ON c.connamespace = t3.oid
WHERE c.contype = 'f'
  AND t1.relname = 'beers'
  AND t3.nspname = ANY (current_schemas(false))
ORDER BY c.conname
[0m
  [1m[35m (1.7ms)[0m  SELECT t2.oid::regclass::text AS to_table, a1.attname AS column, a2.attname AS primary_key, c.conname AS name, c.confupdtype AS on_update, c.confdeltype AS on_delete
FROM pg_constraint c
JOIN pg_class t1 ON c.conrelid = t1.oid
JOIN pg_class t2 ON c.confrelid = t2.oid
JOIN pg_attribute a1 ON a1.attnum = c.conkey[1] AND a1.attrelid = t1.oid
JOIN pg_attribute a2 ON a2.attnum = c.confkey[1] AND a2.attrelid = t2.oid
JOIN pg_namespace t3 ON c.connamespace = t3.oid
WHERE c.contype = 'f'
  AND t1.relname = 'beers_locations'
  AND t3.nspname = ANY (current_schemas(false))
ORDER BY c.conname

  [1m[36m (1.5ms)[0m  [1mSELECT t2.oid::regclass::text AS to_table, a1.attname AS column, a2.attname AS primary_key, c.conname AS name, c.confupdtype AS on_update, c.confdeltype AS on_delete
FROM pg_constraint c
JOIN pg_class t1 ON c.conrelid = t1.oid
JOIN pg_class t2 ON c.confrelid = t2.oid
JOIN pg_attribute a1 ON a1.attnum = c.conkey[1] AND a1.attrelid = t1.oid
JOIN pg_attribute a2 ON a2.attnum = c.confkey[1] AND a2.attrelid = t2.oid
JOIN pg_namespace t3 ON c.connamespace = t3.oid
WHERE c.contype = 'f'
  AND t1.relname = 'locations'
  AND t3.nspname = ANY (current_schemas(false))
ORDER BY c.conname
[0m
  [1m[36mActiveRecord::SchemaMigration Load (0.3ms)[0m  [1mSELECT "schema_migrations".* FROM "schema_migrations"[0m
  [1m[35m (0.1ms)[0m  BEGIN
  [1m[36mSQL (0.5ms)[0m  [1mINSERT INTO "locations" ("name", "address", "zip_code") VALUES ($1, $2, $3) RETURNING "id"[0m  [["name", "a bar"], ["address", "somewhere in sf"], ["zip_code", 94110]]
  [1m[35m (0.4ms)[0m  COMMIT
  [1m[36m (0.1ms)[0m  [1mBEGIN[0m
  [1m[35mSQL (0.2ms)[0m  INSERT INTO "locations" ("name", "address", "zip_code") VALUES ($1, $2, $3) RETURNING "id"  [["name", "another bar"], ["address", "somewhere not in sf"], ["zip_code", 23948]]
  [1m[36m (0.3ms)[0m  [1mCOMMIT[0m
  [1m[35m (0.1ms)[0m  BEGIN
  [1m[36mSQL (0.4ms)[0m  [1mINSERT INTO "beers" ("name", "abv", "rating", "price") VALUES ($1, $2, $3, $4) RETURNING "id"[0m  [["name", "Monk's Blood"], ["abv", "9.5%"], ["rating", "*****"], ["price", "$8.75"]]
  [1m[35m (0.3ms)[0m  COMMIT
  [1m[36m (0.1ms)[0m  [1mBEGIN[0m
  [1m[35mSQL (0.4ms)[0m  INSERT INTO "beers_locations" ("beer_id", "location_id") VALUES ($1, $2) RETURNING "id"  [["beer_id", 1], ["location_id", 1]]
  [1m[36m (0.4ms)[0m  [1mCOMMIT[0m
  [1m[35m (0.1ms)[0m  BEGIN
  [1m[36mSQL (0.2ms)[0m  [1mINSERT INTO "beers_locations" ("beer_id", "location_id") VALUES ($1, $2) RETURNING "id"[0m  [["beer_id", 1], ["location_id", 2]]
  [1m[35m (0.3ms)[0m  COMMIT
  [1m[36m (0.1ms)[0m  [1mBEGIN[0m
  [1m[35mSQL (0.1ms)[0m  INSERT INTO "locations" ("name", "address", "zip_code") VALUES ($1, $2, $3) RETURNING "id"  [["name", "a bar"], ["address", "somewhere in sf"], ["zip_code", 94110]]
  [1m[36m (0.3ms)[0m  [1mCOMMIT[0m
  [1m[35m (0.1ms)[0m  BEGIN
  [1m[36mSQL (0.1ms)[0m  [1mINSERT INTO "locations" ("name", "address", "zip_code") VALUES ($1, $2, $3) RETURNING "id"[0m  [["name", "another bar"], ["address", "somewhere not in sf"], ["zip_code", 23948]]
  [1m[35m (0.3ms)[0m  COMMIT
  [1m[36m (0.1ms)[0m  [1mBEGIN[0m
  [1m[35mSQL (0.2ms)[0m  INSERT INTO "beers" ("name", "abv", "rating", "price") VALUES ($1, $2, $3, $4) RETURNING "id"  [["name", "Monk's Blood"], ["abv", "9.5%"], ["rating", "*****"], ["price", "$8.75"]]
  [1m[36m (0.4ms)[0m  [1mCOMMIT[0m
  [1m[35m (0.1ms)[0m  BEGIN
  [1m[36mSQL (0.2ms)[0m  [1mINSERT INTO "beers_locations" ("beer_id", "location_id") VALUES ($1, $2) RETURNING "id"[0m  [["beer_id", 2], ["location_id", 3]]
  [1m[35m (0.3ms)[0m  COMMIT
  [1m[36m (0.1ms)[0m  [1mBEGIN[0m
  [1m[35mSQL (0.1ms)[0m  INSERT INTO "beers_locations" ("beer_id", "location_id") VALUES ($1, $2) RETURNING "id"  [["beer_id", 2], ["location_id", 4]]
  [1m[36m (0.3ms)[0m  [1mCOMMIT[0m
  [1m[35m (0.1ms)[0m  BEGIN
  [1m[36mSQL (0.1ms)[0m  [1mINSERT INTO "locations" ("name", "address", "zip_code") VALUES ($1, $2, $3) RETURNING "id"[0m  [["name", "a bar"], ["address", "somewhere in sf"], ["zip_code", 94110]]
  [1m[35m (0.3ms)[0m  COMMIT
  [1m[36m (0.1ms)[0m  [1mBEGIN[0m
  [1m[35mSQL (0.1ms)[0m  INSERT INTO "locations" ("name", "address", "zip_code") VALUES ($1, $2, $3) RETURNING "id"  [["name", "another bar"], ["address", "somewhere not in sf"], ["zip_code", 23948]]
  [1m[36m (0.2ms)[0m  [1mCOMMIT[0m
  [1m[35m (0.1ms)[0m  BEGIN
  [1m[36mSQL (0.2ms)[0m  [1mINSERT INTO "beers" ("name", "abv", "rating", "price") VALUES ($1, $2, $3, $4) RETURNING "id"[0m  [["name", "Monk's Blood"], ["abv", "9.5%"], ["rating", "*****"], ["price", "$8.75"]]
  [1m[35m (0.3ms)[0m  COMMIT
  [1m[36m (0.1ms)[0m  [1mBEGIN[0m
  [1m[35mSQL (0.1ms)[0m  INSERT INTO "beers_locations" ("beer_id", "location_id") VALUES ($1, $2) RETURNING "id"  [["beer_id", 3], ["location_id", 5]]
  [1m[36m (0.2ms)[0m  [1mCOMMIT[0m
  [1m[35m (0.1ms)[0m  BEGIN
  [1m[36mSQL (0.1ms)[0m  [1mINSERT INTO "beers_locations" ("beer_id", "location_id") VALUES ($1, $2) RETURNING "id"[0m  [["beer_id", 3], ["location_id", 6]]
  [1m[35m (0.3ms)[0m  COMMIT
  [1m[36mBeer Load (0.5ms)[0m  [1mSELECT "beers".* FROM "beers"[0m
  [1m[35mLocation Load (0.5ms)[0m  SELECT "locations".* FROM "locations"
  [1m[36mLocation Load (0.3ms)[0m  [1mSELECT  "locations".* FROM "locations" WHERE "locations"."id" = $1 LIMIT 1[0m  [["id", 6]]
  [1m[35mBeer Load (0.6ms)[0m  SELECT "beers".* FROM "beers" INNER JOIN "beers_locations" ON "beers"."id" = "beers_locations"."beer_id" WHERE "beers_locations"."location_id" = $1  [["location_id", 6]]
